pre-Check
post-Check
################################################################################
#  STAGE 0 : Checking for errors. If this check passes you should not encounter
#            other compilation errors before the post processing and linking
#  /opt/xmt/xmtcc/gcc-xmt32/xmt32-xmt32-elf/lib/xmtc.c 
################################################################################
/opt/xmt/xmtcc/xmtcc-core32 -S -include xmtio.h -D _XMT_NTCUS=64  -include ../data/small/matvec.h -D _XMT_GRAIN_PER_TD -O1 -std=gnu99  -fxmt-nTCUs=64 -fxmt-stack-perTCU /opt/xmt/xmtcc/gcc-xmt32/xmt32-xmt32-elf/lib/xmtc.c -o checktmp.3RnHSD
/opt/xmt/xmtcc/gcc-xmt32/bin/xmt32-xmt32-elf-gcc -fno-delayed-branch -mno-check-zero-division  -mno-explicit-relocs  -S -include xmtio.h -D _XMT_NTCUS=64 -include ../data/small/matvec.h -D _XMT_GRAIN_PER_TD -O1 -std=gnu99 -fxmt-nTCUs=64 -fxmt-stack-perTCU /opt/xmt/xmtcc/gcc-xmt32/xmt32-xmt32-elf/lib/xmtc.c -o checktmp.3RnHSD
Checking (/opt/xmt/xmtcc/gcc-xmt32/xmt32-xmt32-elf/lib/xmtc.c) was successful
################################################################################
#  STAGE 0 : Checking for errors. If this check passes you should not encounter
#            other compilation errors before the post processing and linking
#  matvec.s.c 
################################################################################
/opt/xmt/xmtcc/xmtcc-core32 -S -include xmtio.h -D _XMT_NTCUS=64  -include ../data/small/matvec.h -D _XMT_GRAIN_PER_TD -O1 -std=gnu99  -fxmt-nTCUs=64 -fxmt-stack-perTCU matvec.s.c -o checktmp.Lrv6nk
/opt/xmt/xmtcc/gcc-xmt32/bin/xmt32-xmt32-elf-gcc -fno-delayed-branch -mno-check-zero-division  -mno-explicit-relocs  -S -include xmtio.h -D _XMT_NTCUS=64 -include ../data/small/matvec.h -D _XMT_GRAIN_PER_TD -O1 -std=gnu99 -fxmt-nTCUs=64 -fxmt-stack-perTCU matvec.s.c -o checktmp.Lrv6nk
Checking (matvec.s.c) was successful
################################################################################
#  STAGE 1 : Pre-Processing
#  /opt/xmt/xmtcc/gcc-xmt32/xmt32-xmt32-elf/lib/xmtc.c -> xmtc.i
################################################################################
/opt/xmt/xmtcc/xmtcc-core32 -E -include xmtio.h -D _XMT_NTCUS=64  -include ../data/small/matvec.h -D _XMT_GRAIN_PER_TD /opt/xmt/xmtcc/gcc-xmt32/xmt32-xmt32-elf/lib/xmtc.c -o /tmp/xmtcc.9jaoqJPyaK/xmtc.i
/opt/xmt/xmtcc/gcc-xmt32/bin/xmt32-xmt32-elf-gcc -fno-delayed-branch -mno-check-zero-division  -mno-explicit-relocs  -E -include xmtio.h -D _XMT_NTCUS=64 -include ../data/small/matvec.h -D _XMT_GRAIN_PER_TD /opt/xmt/xmtcc/gcc-xmt32/xmt32-xmt32-elf/lib/xmtc.c -o /tmp/xmtcc.9jaoqJPyaK/xmtc.i
Pre-Processing (/opt/xmt/xmtcc/gcc-xmt32/xmt32-xmt32-elf/lib/xmtc.c) was successful
################################################################################
#  STAGE 1 : Pre-Processing
#  matvec.s.c -> matvec.s.i
################################################################################
/opt/xmt/xmtcc/xmtcc-core32 -E -include xmtio.h -D _XMT_NTCUS=64  -include ../data/small/matvec.h -D _XMT_GRAIN_PER_TD matvec.s.c -o /tmp/xmtcc.9jaoqJPyaK/matvec.s.i
/opt/xmt/xmtcc/gcc-xmt32/bin/xmt32-xmt32-elf-gcc -fno-delayed-branch -mno-check-zero-division  -mno-explicit-relocs  -E -include xmtio.h -D _XMT_NTCUS=64 -include ../data/small/matvec.h -D _XMT_GRAIN_PER_TD matvec.s.c -o /tmp/xmtcc.9jaoqJPyaK/matvec.s.i
Pre-Processing (matvec.s.c) was successful
################################################################################
#  STAGE 2 : CIL : Source to source transformations (outlining, clustering, ...)
#  ATTENTION: An error like 'xmtc.i:12 ...' means there is something wrong  
#             on line 12. And please forgive CIL's cryptic error messages ! :)  
#  xmtc.i -> xmtc.cil.c
################################################################################
/opt/xmt/xmtcc/xmtcilly.asm.exe   --grainPerTD --doXMTNSpSerializer --dontXMTCoutliningInner --dontXMTCouterSpawnConversion --dontXMTCdynamicSerializer --disallowDuplication /tmp/xmtcc.9jaoqJPyaK/xmtc.i --out /tmp/xmtcc.9jaoqJPyaK/xmtc.cil.c
CIL (xmtc.i) was successful
################################################################################
#  STAGE 2 : CIL : Source to source transformations (outlining, clustering, ...)
#  ATTENTION: An error like 'matvec.s.i:12 ...' means there is something wrong  
#             on line 12. And please forgive CIL's cryptic error messages ! :)  
#  matvec.s.i -> matvec.s.cil.c
################################################################################
/opt/xmt/xmtcc/xmtcilly.asm.exe   --grainPerTD --doXMTNSpSerializer --dontXMTCoutliningInner --dontXMTCouterSpawnConversion --dontXMTCdynamicSerializer --disallowDuplication /tmp/xmtcc.9jaoqJPyaK/matvec.s.i --out /tmp/xmtcc.9jaoqJPyaK/matvec.s.cil.c

matvec.s.c:10: Warning: Body of function main falls-through. Adding a return statement

CIL (matvec.s.i) was successful
################################################################################
#  STAGE 3 : Compiling CIL output File.
#  xmtc.cil.c -> xmtc.s
################################################################################
/opt/xmt/xmtcc/xmtcc-core32 -S -O1 -std=gnu99 -fxmt-nTCUs=64 -fxmt-stack-perTCU /tmp/xmtcc.9jaoqJPyaK/xmtc.cil.c -o /tmp/xmtcc.9jaoqJPyaK/xmtc.s
/opt/xmt/xmtcc/gcc-xmt32/bin/xmt32-xmt32-elf-gcc -fno-delayed-branch -mno-check-zero-division  -mno-explicit-relocs  -S -O1 -std=gnu99 -fxmt-nTCUs=64 -fxmt-stack-perTCU /tmp/xmtcc.9jaoqJPyaK/xmtc.cil.c -o /tmp/xmtcc.9jaoqJPyaK/xmtc.s
/opt/xmt/xmtcc.master/gcc-xmt32/bin/../lib/gcc/xmt32-xmt32-elf/4.0.2/../../../../xmt32-xmt32-elf/include/xmtio.h:32: warning: conflicting types for built-in function ‘printf’
Compiling File (xmtc.cil.c) was successful
################################################################################
#  STAGE 3 : Compiling CIL output File.
#  matvec.s.cil.c -> matvec.s.s
################################################################################
/opt/xmt/xmtcc/xmtcc-core32 -S -O1 -std=gnu99 -fxmt-nTCUs=64 -fxmt-stack-perTCU /tmp/xmtcc.9jaoqJPyaK/matvec.s.cil.c -o /tmp/xmtcc.9jaoqJPyaK/matvec.s.s
/opt/xmt/xmtcc/gcc-xmt32/bin/xmt32-xmt32-elf-gcc -fno-delayed-branch -mno-check-zero-division  -mno-explicit-relocs  -S -O1 -std=gnu99 -fxmt-nTCUs=64 -fxmt-stack-perTCU /tmp/xmtcc.9jaoqJPyaK/matvec.s.cil.c -o /tmp/xmtcc.9jaoqJPyaK/matvec.s.s
Compiling File (matvec.s.cil.c) was successful
################################################################################
#  STAGE 4 : Post Processing
#  xmtc.s -> xmtc.p
################################################################################
/opt/xmt/xmtcc/xmt-post -xmt32 -fpga -npSer /tmp/xmtcc.9jaoqJPyaK/xmtc.s /tmp/xmtcc.9jaoqJPyaK/xmtc.p
Post-Processing File (xmtc.s) was successful
################################################################################
#  STAGE 4 : Post Processing
#  matvec.s.s -> matvec.s.p
################################################################################
/opt/xmt/xmtcc/xmt-post -xmt32 -fpga -npSer /tmp/xmtcc.9jaoqJPyaK/matvec.s.s /tmp/xmtcc.9jaoqJPyaK/matvec.s.p
Post-Processing File (matvec.s.s) was successful
################################################################################
#  STAGE 5 : Linking.
#   /tmp/xmtcc.9jaoqJPyaK/xmtc.p /tmp/xmtcc.9jaoqJPyaK/matvec.s.p -> matvec.s.sim + matvec.s.b
################################################################################
/opt/xmt/xmtcc/xmt-linker -xmt32 -fpga /opt/xmt/xmtcc/gcc-xmt32/xmt32-xmt32-elf/lib/xmtio.p /tmp/xmtcc.9jaoqJPyaK/xmtc.p /tmp/xmtcc.9jaoqJPyaK/matvec.s.p ../data/small/matvec.xbo -o matvec.s.sim
Linking was successful
End of Linking
